{"/Users/jmaes/GitHub/qqq-frontend-core/src/qqq-frontend-core.ts": {"path":"/Users/jmaes/GitHub/qqq-frontend-core/src/qqq-frontend-core.ts","statementMap":{"0":{"start":{"line":7,"column":3},"end":{"line":7,"column":16}},"1":{"start":{"line":6,"column":0},"end":{"line":6,"column":16}},"2":{"start":{"line":11,"column":3},"end":{"line":11,"column":16}},"3":{"start":{"line":10,"column":0},"end":{"line":10,"column":16}}},"fnMap":{"0":{"name":"add","decl":{"start":{"line":6,"column":16},"end":{"line":6,"column":19}},"loc":{"start":{"line":6,"column":40},"end":{"line":8,"column":1}}},"1":{"name":"mul","decl":{"start":{"line":10,"column":16},"end":{"line":10,"column":19}},"loc":{"start":{"line":10,"column":40},"end":{"line":12,"column":1}}}},"branchMap":{},"s":{"0":2,"1":1,"2":1,"3":1},"f":{"0":2,"1":1},"b":{}}
}
